Using pre-set license
Built from '2021.1/staging' branch; Version is '2021.1.3f1 (4bef613afd59) revision 4976481'; Using compiler version '192528614'; Build Type 'Release'
OS: 'Windows 10 Pro; OS build 19042.928; Version 2009; 64bit' Language: 'en' Physical Memory: 16245 MB
BatchMode: 1, IsHumanControllingUs: 0, StartBugReporterOnCrash: 0, Is64bit: 1, IsPro: 0

 COMMAND LINE ARGUMENTS:
C:\Program Files\Unity\Hub\Editor\2021.1.3f1\Editor\Unity.exe
-adb2
-batchMode
-noUpm
-name
AssetImportWorker0
-projectPath
C:/Users/finnm/BallPit
-logFile
Logs/AssetImportWorker0.log
-srvPort
63639
Successfully changed project path to: C:/Users/finnm/BallPit
C:/Users/finnm/BallPit
Using Asset Import Pipeline V2.
Refreshing native plugins compatible for Editor in 136.49 ms, found 7 plugins.
Preloading 1 native plugins for Editor in 1.02 ms.
Initialize engine version: 2021.1.3f1 (4bef613afd59)
[Subsystems] Discovering subsystems at path C:/Program Files/Unity/Hub/Editor/2021.1.3f1/Editor/Data/Resources/UnitySubsystems
[Subsystems] Discovering subsystems at path C:/Users/finnm/BallPit/Assets
GfxDevice: creating device client; threaded=0; jobified=0
Direct3D:
    Version:  Direct3D 11.0 [level 11.1]
    Renderer: Intel(R) UHD Graphics 630 (ID=0x3e92)
    Vendor:   Intel
    VRAM:     8122 MB
    Driver:   26.20.100.7642
Initialize mono
Mono path[0] = 'C:/Program Files/Unity/Hub/Editor/2021.1.3f1/Editor/Data/Managed'
Mono path[1] = 'C:/Program Files/Unity/Hub/Editor/2021.1.3f1/Editor/Data/MonoBleedingEdge/lib/mono/unityjit'
Mono config path = 'C:/Program Files/Unity/Hub/Editor/2021.1.3f1/Editor/Data/MonoBleedingEdge/etc'
Using monoOptions --debugger-agent=transport=dt_socket,embedding=1,server=y,suspend=n,address=127.0.0.1:56372
Begin MonoManager ReloadAssembly
Registering precompiled unity dll's ...
Register platform support module: C:/Program Files/Unity/Hub/Editor/2021.1.3f1/Editor/Data/PlaybackEngines/WebGLSupport/UnityEditor.WebGL.Extensions.dll
Register platform support module: C:/Program Files/Unity/Hub/Editor/2021.1.3f1/Editor/Data/PlaybackEngines/WindowsStandaloneSupport/UnityEditor.WindowsStandalone.Extensions.dll
Registered in 0.002406 seconds.
Native extension for WindowsStandalone target not found
Native extension for WebGL target not found
Refreshing native plugins compatible for Editor in 104.21 ms, found 7 plugins.
Preloading 1 native plugins for Editor in 0.06 ms.
Mono: successfully reloaded assembly
- Completed reload, in  1.729 seconds
Platform modules already initialized, skipping
Registering precompiled user dll's ...
Registered in 0.007552 seconds.
Begin MonoManager ReloadAssembly
Native extension for WindowsStandalone target not found
Native extension for WebGL target not found
Refreshing native plugins compatible for Editor in 104.63 ms, found 7 plugins.
Preloading 1 native plugins for Editor in 0.06 ms.
RefreshInfo: StopAssetImportingV2(NoUpdateAssetOptions) scanfilter: 
RefreshProfiler: Total: 0.000ms
Mono: successfully reloaded assembly
- Completed reload, in  1.102 seconds
Platform modules already initialized, skipping
========================================================================
Worker process is ready to serve import requests
Shader 'Universal Render Pipeline/Particles/Lit': fallback shader 'Universal Render Pipeline/Particles/SimpleLit' not found
Shader 'Universal Render Pipeline/Particles/Lit': fallback shader 'Universal Render Pipeline/Particles/SimpleLit' not found
Launched and connected shader compiler UnityShaderCompiler.exe after 0.04 seconds
Refreshing native plugins compatible for Editor in 1.13 ms, found 7 plugins.
Preloading 1 native plugins for Editor in 0.05 ms.
Unloading 91 Unused Serialized files (Serialized files now loaded: 0)
System memory in use before: 88.2 MB.
System memory in use after: 85.7 MB.

Unloading 132 unused Assets to reduce memory usage. Loaded Objects now: 4980.
Total: 3.368000 ms (FindLiveObjects: 0.323800 ms CreateObjectMapping: 0.180800 ms MarkObjects: 1.881700 ms  DeleteObjects: 0.980900 ms)

========================================================================
Received Import Request.
  path: Assets/Sprites/button_empty.png
  artifactKey: Guid(a3e86e6dfcbc5b847b086bc58847ac62) Importer(815301076,1909f56bfc062723c751e8b465ee728b)
Start importing Assets/Sprites/button_empty.png using Guid(a3e86e6dfcbc5b847b086bc58847ac62) Importer(815301076,1909f56bfc062723c751e8b465ee728b)  -> (artifact id: 'a143b02ed76702cf42bdbfd6a2bf5a66') in 0.107812 seconds 
========================================================================
Received Import Request.
  Time since last request: 0.000310 seconds.
  path: Assets/Sprites/button_filled.png
  artifactKey: Guid(ec30724cf473c3a49b723bff60803e9d) Importer(815301076,1909f56bfc062723c751e8b465ee728b)
Start importing Assets/Sprites/button_filled.png using Guid(ec30724cf473c3a49b723bff60803e9d) Importer(815301076,1909f56bfc062723c751e8b465ee728b)  -> (artifact id: '4f1ca2244cb6daebb8a9eb1628914c3f') in 0.007717 seconds 
========================================================================
Received Import Request.
  Time since last request: 5.129889 seconds.
  path: Assets/Sprites/button_empty.png
  artifactKey: Guid(a3e86e6dfcbc5b847b086bc58847ac62) Importer(815301076,1909f56bfc062723c751e8b465ee728b)
Start importing Assets/Sprites/button_empty.png using Guid(a3e86e6dfcbc5b847b086bc58847ac62) Importer(815301076,1909f56bfc062723c751e8b465ee728b)  -> (artifact id: '42eeaf64436328d6e5976a285180f61d') in 0.043537 seconds 
========================================================================
Received Import Request.
  Time since last request: 0.000332 seconds.
  path: Assets/Sprites/button_filled.png
  artifactKey: Guid(ec30724cf473c3a49b723bff60803e9d) Importer(815301076,1909f56bfc062723c751e8b465ee728b)
Start importing Assets/Sprites/button_filled.png using Guid(ec30724cf473c3a49b723bff60803e9d) Importer(815301076,1909f56bfc062723c751e8b465ee728b)  -> (artifact id: '44f67eb03b90c17be2de5bb38e604346') in 0.028422 seconds 
========================================================================
Received Import Request.
  Time since last request: 23.014014 seconds.
  path: Assets/Sprites/button_empty.png
  artifactKey: Guid(a3e86e6dfcbc5b847b086bc58847ac62) Importer(815301076,1909f56bfc062723c751e8b465ee728b)
Start importing Assets/Sprites/button_empty.png using Guid(a3e86e6dfcbc5b847b086bc58847ac62) Importer(815301076,1909f56bfc062723c751e8b465ee728b)  -> (artifact id: 'ae113d6525843dbc96fe3017b61708b9') in 0.017441 seconds 
========================================================================
Received Import Request.
  Time since last request: 3.852471 seconds.
  path: Assets/Sprites/button_empty.png
  artifactKey: Guid(a3e86e6dfcbc5b847b086bc58847ac62) Importer(815301076,1909f56bfc062723c751e8b465ee728b)
Start importing Assets/Sprites/button_empty.png using Guid(a3e86e6dfcbc5b847b086bc58847ac62) Importer(815301076,1909f56bfc062723c751e8b465ee728b)  -> (artifact id: '0aba0ef31baac0544a8fbc0dc334775b') in 0.027627 seconds 
========================================================================
Received Import Request.
  Time since last request: 6.984311 seconds.
  path: Assets/Sprites/button_filled.png
  artifactKey: Guid(ec30724cf473c3a49b723bff60803e9d) Importer(815301076,1909f56bfc062723c751e8b465ee728b)
Start importing Assets/Sprites/button_filled.png using Guid(ec30724cf473c3a49b723bff60803e9d) Importer(815301076,1909f56bfc062723c751e8b465ee728b)  -> (artifact id: '9f36661bd58fa46e196a918fde8e6313') in 0.016830 seconds 
========================================================================
Received Import Request.
  Time since last request: 3.876375 seconds.
  path: Assets/Sprites/button_filled.png
  artifactKey: Guid(ec30724cf473c3a49b723bff60803e9d) Importer(815301076,1909f56bfc062723c751e8b465ee728b)
Start importing Assets/Sprites/button_filled.png using Guid(ec30724cf473c3a49b723bff60803e9d) Importer(815301076,1909f56bfc062723c751e8b465ee728b)  -> (artifact id: '5f3b452e4ce203a8268d17b5ce015ab9') in 0.017864 seconds 
AssetImportWorkerClient::OnTransportError - code=2 error=End of file
